<?xml version="1.0" encoding="UTF-8"?>
<!-- Generated by org.testng.reporters.JUnitReportReporter -->
<testsuite hostname="DESKTOP-QR92RFC" failures="0" tests="1" name="a15_Assert.A2_HardAssert2" time="0.010" errors="0" timestamp="2022-08-15T22:14:01 IST" skipped="0">
  <testcase classname="a15_Assert.A2_HardAssert2" name="test" time="0.010"/>
  <system-out/>
</testsuite> <!-- a15_Assert.A2_HardAssert2 -->
