<?xml version="1.0" encoding="UTF-8"?>
<!-- Generated by org.testng.reporters.JUnitReportReporter -->
<testsuite hostname="DESKTOP-QR92RFC" failures="0" tests="1" name="a16_Scrolling.A2_ScrollByElement" time="5.404" errors="0" timestamp="2022-08-17T08:46:23 IST" skipped="0">
  <testcase classname="a16_Scrolling.A2_ScrollByElement" name="scroll" time="5.404"/>
  <system-out/>
</testsuite> <!-- a16_Scrolling.A2_ScrollByElement -->
