<?xml version="1.0" encoding="UTF-8"?>
<!-- Generated by org.testng.reporters.JUnitReportReporter -->
<testsuite hostname="DESKTOP-QR92RFC" failures="0" tests="1" name="a15_Assert.A4_SoftAssert_Verify2" time="0.015" errors="0" timestamp="2022-08-15T22:25:05 IST" skipped="0">
  <testcase classname="a15_Assert.A4_SoftAssert_Verify2" name="test" time="0.015"/>
  <system-out/>
</testsuite> <!-- a15_Assert.A4_SoftAssert_Verify2 -->
