<?xml version="1.0" encoding="UTF-8"?>
<!-- Generated by org.testng.reporters.JUnitReportReporter -->
<testsuite hostname="DESKTOP-QR92RFC" failures="0" tests="6" name="a13_TestNG_Keywords.A3_Invocation_count" time="0.018" errors="0" timestamp="2022-08-15T17:07:50 IST" skipped="0">
  <testcase classname="a13_TestNG_Keywords.A3_Invocation_count" name="m4" time="0.002"/>
  <system-out/>
  <testcase classname="a13_TestNG_Keywords.A3_Invocation_count" name="m2" time="0.002"/>
  <system-out/>
  <testcase classname="a13_TestNG_Keywords.A3_Invocation_count" name="m2" time="0.001"/>
  <system-out/>
  <testcase classname="a13_TestNG_Keywords.A3_Invocation_count" name="m3" time="0.002"/>
  <system-out/>
  <testcase classname="a13_TestNG_Keywords.A3_Invocation_count" name="m2" time="0.001"/>
  <system-out/>
  <testcase classname="a13_TestNG_Keywords.A3_Invocation_count" name="m1" time="0.010"/>
  <system-out/>
</testsuite> <!-- a13_TestNG_Keywords.A3_Invocation_count -->
