<?xml version="1.0" encoding="UTF-8"?>
<!-- Generated by org.testng.reporters.JUnitReportReporter -->
<testsuite hostname="DESKTOP-QR92RFC" failures="0" tests="2" name="a12_TestNG.A1_test1" time="0.006" errors="0" timestamp="2022-08-13T14:11:41 IST" skipped="0">
  <testcase classname="a12_TestNG.A1_test1" name="test2" time="0.005"/>
  <system-out/>
  <testcase classname="a12_TestNG.A1_test1" name="test1" time="0.001"/>
  <system-out/>
</testsuite> <!-- a12_TestNG.A1_test1 -->
