<?xml version="1.0" encoding="UTF-8"?>
<!-- Generated by org.testng.reporters.JUnitReportReporter -->
<testsuite hostname="DESKTOP-QR92RFC" failures="0" tests="1" name="a16_Scrolling.A1_ScrollBy_Pixel" time="8.249" errors="0" timestamp="2022-08-17T08:35:41 IST" skipped="0">
  <testcase classname="a16_Scrolling.A1_ScrollBy_Pixel" name="scrll" time="8.249"/>
  <system-out/>
</testsuite> <!-- a16_Scrolling.A1_ScrollBy_Pixel -->
