<?xml version="1.0" encoding="UTF-8"?>
<!-- Generated by org.testng.reporters.JUnitReportReporter -->
<testsuite hostname="DESKTOP-QR92RFC" failures="0" tests="1" name="a16_Scrolling.A3_MethodFor_Scrolling" time="9.537" errors="0" timestamp="2022-08-17T09:04:16 IST" skipped="0">
  <testcase classname="a16_Scrolling.A3_MethodFor_Scrolling" name="scroll" time="9.537"/>
  <system-out/>
</testsuite> <!-- a16_Scrolling.A3_MethodFor_Scrolling -->
