<?xml version="1.0" encoding="UTF-8"?>
<!-- Generated by org.testng.reporters.JUnitReportReporter -->
<testsuite hostname="DESKTOP-QR92RFC" failures="0" tests="4" name="a13_TestNG_Keywords.A2_Enable_False" time="0.013" errors="0" timestamp="2022-08-15T17:07:35 IST" skipped="1">
  <testcase classname="a13_TestNG_Keywords.A2_Enable_False" name="m4" time="0.002"/>
  <system-out/>
  <testcase classname="a13_TestNG_Keywords.A2_Enable_False" name="m3" time="0.002"/>
  <system-out/>
  <testcase classname="a13_TestNG_Keywords.A2_Enable_False" name="m1" time="0.009"/>
  <system-out/>
  <testcase classname="a13_TestNG_Keywords.A2_Enable_False" name="m2">
    <skipped/>
  </testcase> <!-- m2 -->
  <system-out/>
</testsuite> <!-- a13_TestNG_Keywords.A2_Enable_False -->
