<?xml version="1.0" encoding="UTF-8"?>
<!-- Generated by org.testng.reporters.JUnitReportReporter -->
<testsuite hostname="DESKTOP-QR92RFC" failures="0" tests="5" name="a14_CrossBrowserTesting.A2_TestCases" time="32.039" errors="0" timestamp="2022-08-15T18:32:01 IST" skipped="0">
  <testcase classname="a14_CrossBrowserTesting.A2_TestCases" name="C" time="5.569"/>
  <system-out/>
  <testcase classname="a14_CrossBrowserTesting.A2_TestCases" name="B" time="5.011"/>
  <system-out/>
  <testcase classname="a14_CrossBrowserTesting.A2_TestCases" name="B" time="8.116"/>
  <system-out/>
  <testcase classname="a14_CrossBrowserTesting.A2_TestCases" name="D" time="5.511"/>
  <system-out/>
  <testcase classname="a14_CrossBrowserTesting.A2_TestCases" name="A" time="7.832"/>
  <system-out/>
</testsuite> <!-- a14_CrossBrowserTesting.A2_TestCases -->
