<?xml version="1.0" encoding="UTF-8"?>
<!-- Generated by org.testng.reporters.JUnitReportReporter -->
<testsuite hostname="DESKTOP-QR92RFC" failures="0" tests="4" name="a12_TestNG.A2_test2" time="13.955" errors="0" timestamp="2022-08-13T14:11:41 IST" skipped="0">
  <testcase classname="a12_TestNG.A2_test2" name="m4" time="3.410"/>
  <system-out/>
  <testcase classname="a12_TestNG.A2_test2" name="m3" time="2.891"/>
  <system-out/>
  <testcase classname="a12_TestNG.A2_test2" name="m1" time="2.959"/>
  <system-out/>
  <testcase classname="a12_TestNG.A2_test2" name="m2" time="4.695"/>
  <system-out/>
</testsuite> <!-- a12_TestNG.A2_test2 -->
