<?xml version="1.0" encoding="UTF-8"?>
<!-- Generated by org.testng.reporters.JUnitReportReporter -->
<testsuite hostname="DESKTOP-QR92RFC" failures="0" tests="6" name="a13_TestNG_Keywords.A5_Groups" time="0.017" errors="0" timestamp="2022-08-15T17:29:47 IST" skipped="0">
  <testcase classname="a13_TestNG_Keywords.A5_Groups" name="m3" time="0.001"/>
  <system-out/>
  <testcase classname="a13_TestNG_Keywords.A5_Groups" name="m4" time="0.002"/>
  <system-out/>
  <testcase classname="a13_TestNG_Keywords.A5_Groups" name="m1" time="0.009"/>
  <system-out/>
  <testcase classname="a13_TestNG_Keywords.A5_Groups" name="m6" time="0.001"/>
  <system-out/>
  <testcase classname="a13_TestNG_Keywords.A5_Groups" name="m2" time="0.002"/>
  <system-out/>
  <testcase classname="a13_TestNG_Keywords.A5_Groups" name="m5" time="0.002"/>
  <system-out/>
</testsuite> <!-- a13_TestNG_Keywords.A5_Groups -->
