<?xml version="1.0" encoding="UTF-8"?>
<!-- Generated by org.testng.reporters.JUnitReportReporter -->
<testsuite hostname="DESKTOP-QR92RFC" failures="0" tests="4" name="a12_TestNG.B1_test1" time="13.085" errors="0" timestamp="2022-08-13T14:11:41 IST" skipped="0">
  <testcase classname="a12_TestNG.B1_test1" name="m1" time="3.407"/>
  <system-out/>
  <testcase classname="a12_TestNG.B1_test1" name="m4" time="2.906"/>
  <system-out/>
  <testcase classname="a12_TestNG.B1_test1" name="m3" time="3.272"/>
  <system-out/>
  <testcase classname="a12_TestNG.B1_test1" name="m2" time="3.500"/>
  <system-out/>
</testsuite> <!-- a12_TestNG.B1_test1 -->
